[13:47:39] [main/INFO]: Logging in with username & password
[13:47:49] [main/INFO]: Setting user: StefanGrue
[13:47:53] [Client thread/INFO]: LWJGL Version: 2.9.1
[13:48:12] [Client thread/INFO]: Reloading ResourceManager: Default, FMLFileResourcePack:Forge Mod Loader, FMLFileResourcePack:Minecraft Forge, FMLFileResourcePack:TestMod
[13:48:17] [Client thread/INFO]: Created: 512x256 textures/blocks-atlas
[13:48:18] [Client thread/INFO]: Created: 256x256 textures/items-atlas
[13:48:18] [Sound Library Loader/INFO]: Sound engine started
[13:48:18] [Client thread/INFO]: Reloading ResourceManager: Default, FMLFileResourcePack:Forge Mod Loader, FMLFileResourcePack:Minecraft Forge, FMLFileResourcePack:TestMod
[13:48:19] [Client thread/INFO]: Created: 512x256 textures/blocks-atlas
[13:48:20] [Client thread/INFO]: Created: 256x256 textures/items-atlas
[13:48:21] [Sound Library Loader/INFO]: Sound engine started
[13:48:30] [Server thread/INFO]: Starting integrated minecraft server version 1.7.10
[13:48:30] [Server thread/INFO]: Generating keypair
[13:48:32] [Server thread/INFO]: Preparing start region for level 0
[13:48:33] [Server thread/INFO]: Preparing spawn area: 44%
[13:48:34] [Server thread/INFO]: Changing view distance to 2, from 10
[13:48:36] [Server thread/INFO]: StefanGrue[local:E:8a91b390] logged in with entity id 207 at (2308.955052229276, 4.0, 920.002491578476)
[13:48:36] [Server thread/INFO]: StefanGrue joined the game
[13:48:58] [Server thread/INFO]: Saving and pausing game...
[13:48:58] [Server thread/INFO]: Saving chunks for level 'New World'/Overworld
[13:48:58] [Server thread/INFO]: Saving chunks for level 'New World'/Nether
[13:48:58] [Server thread/INFO]: Saving chunks for level 'New World'/The End
[13:50:08] [Server thread/INFO]: Saving and pausing game...
[13:50:08] [Server thread/INFO]: Saving chunks for level 'New World'/Overworld
[13:50:08] [Server thread/INFO]: Saving chunks for level 'New World'/Nether
[13:50:08] [Server thread/INFO]: Saving chunks for level 'New World'/The End
[13:50:08] [Server thread/INFO]: Stopping server
[13:50:08] [Server thread/INFO]: Saving players
[13:50:08] [Server thread/INFO]: Saving worlds
[13:50:08] [Server thread/INFO]: Saving chunks for level 'New World'/Overworld
[13:50:08] [Server thread/INFO]: Saving chunks for level 'New World'/Nether
[13:50:08] [Server thread/INFO]: Saving chunks for level 'New World'/The End
